[20130325 171221] TaskSystem Running...
[20130325 171221] Task:03 Action:01 Initialize
[20130325 171222] Task:03 Action:01 Run
[20130325 171222] ¿‡–Õ≤ª∆•≈‰
[20130325 171352] Task:03 Action:01 Dispose
[20130325 171352] TaskSystem End
[20130325 171352] TaskSystem Running...
[20130325 171352] Task:03 Action:01 Initialize
[20130325 171352] Task:03 Action:01 Run
[20130325 171355] Task:03 Action:01 Dispose
[20130325 171355] TaskSystem End
[20130325 171355] TaskSystem Running...
[20130325 171355] Task:03 Action:01 Initialize
[20130325 171355] Task:03 Action:01 Run
[20130325 171423] Task:03 Action:01 Dispose
[20130325 171423] TaskSystem End
[20130325 171551] TaskSystem Running...
[20130325 171551] Task:03 Action:01 Initialize
[20130325 171551] Task:03 Action:01 Run
[20130325 171602] Task:03 Action:01 Dispose
[20130325 171602] TaskSystem End
[20130325 171604] TaskSystem Running...
[20130325 171604] Task:03 Action:01 Initialize
[20130325 171604] Task:03 Action:01 Run
[20130325 171637] Task:03 Action:01 Dispose
[20130325 171637] TaskSystem End
[20130325 171637] TaskSystem Running...
[20130325 171637] Task:03 Action:01 Initialize
[20130325 171637] Task:03 Action:01 Run
[20130325 171640] Task:03 Action:01 Dispose
[20130325 171640] TaskSystem End
[20130325 172810] TaskSystem Running...
[20130325 172810] Task:03 Action:01 Initialize
